<?xml version="1.0" encoding="UTF-8"?>
<robot generator="Robot 7.0 (Python 3.12.2 on win32)" generated="2024-05-13T21:18:30.508493" rpa="false" schemaversion="5">
<suite id="s1" name="Selecionar Produto" source="c:\Iterasys\RobotSauceDemo140\tests\web\selecionar_produto.robot">
<test id="s1-t1" name="Selecionar o produto Sauce Labs Backpack" line="13">
<kw name="Dado que acesso o site SauceDemo">
<kw name="Open Browser" owner="SeleniumLibrary">
<msg time="2024-05-13T21:18:30.861367" level="INFO">Opening browser 'Chrome' to base url 'https://www.saucedemo.com/'.</msg>
<arg>url=${url}</arg>
<arg>browser=${browser}</arg>
<doc>Opens a new browser instance to the optional ``url``.</doc>
<status status="PASS" start="2024-05-13T21:18:30.861367" elapsed="6.282048"/>
</kw>
<kw name="Maximize Browser Window" owner="SeleniumLibrary">
<doc>Maximizes current browser window.</doc>
<status status="PASS" start="2024-05-13T21:18:37.143415" elapsed="0.033573"/>
</kw>
<kw name="Set Browser Implicit Wait" owner="SeleniumLibrary">
<arg>10000ms</arg>
<doc>Sets the implicit wait value used by Selenium.</doc>
<status status="PASS" start="2024-05-13T21:18:37.176988" elapsed="0.003002"/>
</kw>
<kw name="Wait Until Element Is Visible" owner="SeleniumLibrary">
<arg>css=.login_logo</arg>
<arg>${timeout}</arg>
<doc>Waits until the element ``locator`` is visible.</doc>
<status status="PASS" start="2024-05-13T21:18:37.179990" elapsed="0.033997"/>
</kw>
<status status="PASS" start="2024-05-13T21:18:30.860367" elapsed="6.353620"/>
</kw>
<kw name="Quando preencho o campo usuario">
<kw name="Input Text" owner="SeleniumLibrary">
<msg time="2024-05-13T21:18:37.217996" level="INFO">Typing text 'standard_user' into text field 'css=[data-test="username"]'.</msg>
<arg>css=[data-test="username"]</arg>
<arg>${username}</arg>
<doc>Types the given ``text`` into the text field identified by ``locator``.</doc>
<status status="PASS" start="2024-05-13T21:18:37.216991" elapsed="0.155998"/>
</kw>
<arg>standard_user</arg>
<status status="PASS" start="2024-05-13T21:18:37.215991" elapsed="0.156998"/>
</kw>
<kw name="E preencho o campo senha">
<kw name="Input Password" owner="SeleniumLibrary">
<msg time="2024-05-13T21:18:37.374988" level="INFO">Typing password into text field 'css=[data-test="password"]'.</msg>
<msg time="2024-05-13T21:18:37.422989" level="INFO">Temporally setting log level to: NONE</msg>
<arg>css=[data-test="password"]</arg>
<arg>${password}</arg>
<doc>Types the given password into the text field identified by ``locator``.</doc>
<status status="PASS" start="2024-05-13T21:18:37.373988" elapsed="0.116001"/>
</kw>
<arg>secret_sauce</arg>
<status status="PASS" start="2024-05-13T21:18:37.373988" elapsed="0.116999"/>
</kw>
<kw name="E clico no botao Login">
<kw name="Click Button" owner="SeleniumLibrary">
<msg time="2024-05-13T21:18:37.491988" level="INFO">Clicking button 'id=login-button'.</msg>
<arg>id=login-button</arg>
<doc>Clicks the button identified by ``locator``.</doc>
<status status="PASS" start="2024-05-13T21:18:37.491988" elapsed="0.119999"/>
</kw>
<status status="PASS" start="2024-05-13T21:18:37.490987" elapsed="0.121000"/>
</kw>
<kw name="Entao sou direcionado para a pagina de produtos">
<kw name="Wait Until Element Contains" owner="SeleniumLibrary">
<arg>css=.title</arg>
<arg>Products</arg>
<arg>${timeout}</arg>
<doc>Waits until the element ``locator`` contains ``text``.</doc>
<status status="PASS" start="2024-05-13T21:18:37.615990" elapsed="0.037001"/>
</kw>
<status status="PASS" start="2024-05-13T21:18:37.613989" elapsed="0.039002"/>
</kw>
<kw name="Quando clico no produto">
<kw name="Set Test Variable" owner="BuiltIn">
<msg time="2024-05-13T21:18:37.655987" level="INFO">${test_product_name} = Sauce Labs Backpack</msg>
<arg>${test_product_name}</arg>
<arg>${product_name}</arg>
<doc>Makes a variable available everywhere within the scope of the current test.</doc>
<status status="PASS" start="2024-05-13T21:18:37.654989" elapsed="0.000998"/>
</kw>
<kw name="Set Test Variable" owner="BuiltIn">
<msg time="2024-05-13T21:18:37.656986" level="INFO">${test_product_price} = $29.99</msg>
<arg>${test_product_price}</arg>
<arg>${product_price}</arg>
<doc>Makes a variable available everywhere within the scope of the current test.</doc>
<status status="PASS" start="2024-05-13T21:18:37.655987" elapsed="0.001999"/>
</kw>
<kw name="Click Element" owner="SeleniumLibrary">
<msg time="2024-05-13T21:18:37.657986" level="INFO">Clicking element 'css=img[alt="Sauce Labs Backpack"]'.</msg>
<arg>css=img[alt="${test_product_name}"]</arg>
<doc>Click the element identified by ``locator``.</doc>
<status status="PASS" start="2024-05-13T21:18:37.657986" elapsed="0.303776"/>
</kw>
<arg>Sauce Labs Backpack</arg>
<arg>$29.99</arg>
<status status="PASS" start="2024-05-13T21:18:37.653987" elapsed="0.307775"/>
</kw>
<kw name="Entao sou direcionado para a pagina do produto">
<kw name="Wait Until Element Is Visible" owner="SeleniumLibrary">
<arg>name=back-to-products</arg>
<arg>${timeout}</arg>
<doc>Waits until the element ``locator`` is visible.</doc>
<status status="PASS" start="2024-05-13T21:18:37.964763" elapsed="0.026999"/>
</kw>
<kw name="Element Should Be Visible" owner="SeleniumLibrary">
<msg time="2024-05-13T21:18:38.012760" level="INFO">Element 'name=back-to-products' is displayed.</msg>
<arg>name=back-to-products</arg>
<arg>Back to products</arg>
<doc>Verifies that the element identified by ``locator`` is visible.</doc>
<status status="PASS" start="2024-05-13T21:18:37.991762" elapsed="0.021998"/>
</kw>
<kw name="Element Should Be Visible" owner="SeleniumLibrary">
<msg time="2024-05-13T21:18:38.035761" level="INFO">Element 'css=div.inventory_details_name.large_size' is displayed.</msg>
<arg>css=div.inventory_details_name.large_size</arg>
<arg>${test_product_name}</arg>
<doc>Verifies that the element identified by ``locator`` is visible.</doc>
<status status="PASS" start="2024-05-13T21:18:38.013760" elapsed="0.022999"/>
</kw>
<kw name="Element Should Be Visible" owner="SeleniumLibrary">
<msg time="2024-05-13T21:18:38.055760" level="INFO">Element 'css=div.inventory_details_price' is displayed.</msg>
<arg>css=div.inventory_details_price</arg>
<arg>${test_product_price}</arg>
<doc>Verifies that the element identified by ``locator`` is visible.</doc>
<status status="PASS" start="2024-05-13T21:18:38.036759" elapsed="0.019001"/>
</kw>
<status status="PASS" start="2024-05-13T21:18:37.963765" elapsed="0.092994"/>
</kw>
<kw name="Quando clico em adicionar no carrinho">
<kw name="Click Element" owner="SeleniumLibrary">
<msg time="2024-05-13T21:18:38.057760" level="INFO">Clicking element 'css=button.btn.btn_primary.btn_small.btn_inventory'.</msg>
<arg>css=button.btn.btn_primary.btn_small.btn_inventory</arg>
<doc>Click the element identified by ``locator``.</doc>
<status status="PASS" start="2024-05-13T21:18:38.057760" elapsed="0.054004"/>
</kw>
<status status="PASS" start="2024-05-13T21:18:38.056759" elapsed="0.055005"/>
</kw>
<kw name="Entao vizualizo o numero de items no carrinho">
<kw name="Set Test Variable" owner="BuiltIn">
<msg time="2024-05-13T21:18:38.118760" level="INFO">${test_cart_items} = 1</msg>
<arg>${test_cart_items}</arg>
<arg>${cart_items}</arg>
<doc>Makes a variable available everywhere within the scope of the current test.</doc>
<status status="PASS" start="2024-05-13T21:18:38.117764" elapsed="0.001996"/>
</kw>
<kw name="Element Text Should Be" owner="SeleniumLibrary">
<msg time="2024-05-13T21:18:38.119760" level="INFO">Verifying element 'css=span.shopping_cart_badge' contains exact text '1'.</msg>
<arg>css=span.shopping_cart_badge</arg>
<arg>${test_cart_items}</arg>
<doc>Verifies that element ``locator`` contains exact the text ``expected``.</doc>
<status status="PASS" start="2024-05-13T21:18:38.119760" elapsed="0.026516"/>
</kw>
<arg>1</arg>
<status status="PASS" start="2024-05-13T21:18:38.117764" elapsed="0.028512"/>
</kw>
<kw name="Quando clico no icone do carrinho">
<kw name="Click Link" owner="SeleniumLibrary">
<msg time="2024-05-13T21:18:38.148276" level="INFO">Clicking link '1'.</msg>
<arg>${test_cart_items}</arg>
<doc>Clicks a link identified by ``locator``.</doc>
<status status="PASS" start="2024-05-13T21:18:38.148276" elapsed="0.074004"/>
</kw>
<status status="PASS" start="2024-05-13T21:18:38.147275" elapsed="0.075005"/>
</kw>
<kw name="Entao sou direcionado para a pagina do carrinho">
<kw name="Wait Until Element Contains" owner="SeleniumLibrary">
<arg>css=.title</arg>
<arg>Your Cart</arg>
<doc>Waits until the element ``locator`` contains ``text``.</doc>
<status status="PASS" start="2024-05-13T21:18:38.224282" elapsed="0.023995"/>
</kw>
<kw name="Element Text Should Be" owner="SeleniumLibrary">
<msg time="2024-05-13T21:18:38.249280" level="INFO">Verifying element 'css=div.inventory_item_name' contains exact text 'Sauce Labs Backpack'.</msg>
<arg>css=div.inventory_item_name</arg>
<arg>${test_product_name}</arg>
<doc>Verifies that element ``locator`` contains exact the text ``expected``.</doc>
<status status="PASS" start="2024-05-13T21:18:38.249280" elapsed="0.022998"/>
</kw>
<kw name="Element Text Should Be" owner="SeleniumLibrary">
<msg time="2024-05-13T21:18:38.273275" level="INFO">Verifying element 'css=div.inventory_item_price' contains exact text '$29.99'.</msg>
<arg>css=div.inventory_item_price</arg>
<arg>${test_product_price}</arg>
<doc>Verifies that element ``locator`` contains exact the text ``expected``.</doc>
<status status="PASS" start="2024-05-13T21:18:38.272278" elapsed="0.020998"/>
</kw>
<kw name="Element Text Should Be" owner="SeleniumLibrary">
<msg time="2024-05-13T21:18:38.294275" level="INFO">Verifying element 'css=div.cart_quantity' contains exact text '1'.</msg>
<arg>css=div.cart_quantity</arg>
<arg>${test_cart_items}</arg>
<doc>Verifies that element ``locator`` contains exact the text ``expected``.</doc>
<status status="PASS" start="2024-05-13T21:18:38.293276" elapsed="0.021000"/>
</kw>
<status status="PASS" start="2024-05-13T21:18:38.223280" elapsed="0.090996"/>
</kw>
<kw name="Quando clico no menu burguer">
<kw name="Click Element" owner="SeleniumLibrary">
<msg time="2024-05-13T21:18:38.316278" level="INFO">Clicking element 'id=react-burger-menu-btn'.</msg>
<arg>id=react-burger-menu-btn</arg>
<doc>Click the element identified by ``locator``.</doc>
<status status="PASS" start="2024-05-13T21:18:38.315277" elapsed="0.060516"/>
</kw>
<status status="PASS" start="2024-05-13T21:18:38.315277" elapsed="0.060516"/>
</kw>
<kw name="E clico em Logout">
<kw name="Click Element" owner="SeleniumLibrary">
<msg time="2024-05-13T21:18:38.377793" level="INFO">Clicking element 'link=Logout'.</msg>
<arg>link=Logout</arg>
<doc>Click the element identified by ``locator``.</doc>
<status status="PASS" start="2024-05-13T21:18:38.376793" elapsed="0.149499"/>
</kw>
<status status="PASS" start="2024-05-13T21:18:38.376793" elapsed="0.149499"/>
</kw>
<kw name="Então sou direcionado para a pagina de login">
<kw name="Wait Until Element Is Visible" owner="SeleniumLibrary">
<arg>css=input.submit-button.btn_action</arg>
<arg>5000ms</arg>
<doc>Waits until the element ``locator`` is visible.</doc>
<status status="PASS" start="2024-05-13T21:18:38.528293" elapsed="0.027999"/>
</kw>
<status status="PASS" start="2024-05-13T21:18:38.527292" elapsed="0.030001"/>
</kw>
<kw name="Close Browser" owner="SeleniumLibrary" type="TEARDOWN">
<doc>Closes the current browser.</doc>
<status status="PASS" start="2024-05-13T21:18:38.558295" elapsed="3.294817"/>
</kw>
<status status="PASS" start="2024-05-13T21:18:30.859368" elapsed="10.994756"/>
</test>
<status status="PASS" start="2024-05-13T21:18:30.515494" elapsed="11.342632"/>
</suite>
<statistics>
<total>
<stat pass="1" fail="0" skip="0">All Tests</stat>
</total>
<tag>
</tag>
<suite>
<stat pass="1" fail="0" skip="0" id="s1" name="Selecionar Produto">Selecionar Produto</stat>
</suite>
</statistics>
<errors>
</errors>
</robot>
